2020.09.04 20:04:09 INFO  started: Metals version 0.9.3 in workspace 'E:\Desktop\Res\LeetCode' for client vscode.
2020.09.04 20:04:12 INFO  time: initialize in 3.12s
2020.09.04 20:04:13 WARN  no build tool detected in workspace 'E:\Desktop\Res\LeetCode'. The most common cause for this problem is that the editor was opened in the wrong working directory, for example if you use sbt then the workspace directory should contain build.sbt. 
2020.09.04 20:04:13 INFO  no build target: using presentation compiler with only scala-library
2020.09.04 20:04:19 WARN  no build target for: E:\Desktop\Res\LeetCode\0011 Container With Most Water\20-09-04T16-53.scala
2020.09.04 20:06:42 WARN  no build target for: E:\Desktop\Res\LeetCode\0006 ZigZag Conversion\20-08-25T02-13.scala
2020.09.04 20:07:00 WARN  no build target for: E:\Desktop\Res\LeetCode\0011 Container With Most Water\20-09-03T23-18.scala
2020.09.04 20:07:03 WARN  no build target for: E:\Desktop\Res\LeetCode\0011 Container With Most Water\20-09-04T16-53.scala
2020.09.04 20:09:20 WARN  no build target for: E:\Desktop\Res\LeetCode\0013 Roman to Integer\20-09-04T15-35.scala
2020.09.04 20:09:26 WARN  no build target for: E:\Desktop\Res\LeetCode\0011 Container With Most Water\20-09-03T23-18.scala
2020.09.04 20:09:27 WARN  no build target for: E:\Desktop\Res\LeetCode\0011 Container With Most Water\20-09-04T16-53.scala
2020.09.04 20:09:28 WARN  no build target for: E:\Desktop\Res\LeetCode\0013 Roman to Integer\20-09-04T15-35.scala
2020.09.04 20:09:41 WARN  no build target for: E:\Desktop\Res\LeetCode\0011 Container With Most Water\20-09-04T16-53.scala
2020.09.04 20:09:42 WARN  no build target for: E:\Desktop\Res\LeetCode\0011 Container With Most Water\20-09-03T23-18.scala
2020.09.04 20:09:47 WARN  no build target for: E:\Desktop\Res\LeetCode\0010 Regular Expression Matching\20-09-03T22-34.scala
2020.09.04 20:10:00 WARN  no build target for: E:\Desktop\Res\LeetCode\0013 Roman to Integer\20-09-04T15-35.scala
2020.09.04 20:10:22 WARN  no build target for: E:\Desktop\Res\LeetCode\0011 Container With Most Water\20-09-03T23-18.scala
2020.09.04 20:10:23 WARN  no build target for: E:\Desktop\Res\LeetCode\0011 Container With Most Water\20-09-04T16-53.scala
9月 04, 2020 8:10:23 下午 org.eclipse.lsp4j.jsonrpc.RemoteEndpoint handleCancellation
警告: Unmatched cancel notification for request id 79
2020.09.04 20:10:34 WARN  no build target for: E:\Desktop\Res\LeetCode\0011 Container With Most Water\20-09-03T23-18.scala
2020.09.04 20:10:36 WARN  no build target for: E:\Desktop\Res\LeetCode\0011 Container With Most Water\20-09-04T16-53.scala
2020.09.04 20:10:40 WARN  no build target for: E:\Desktop\Res\LeetCode\0011 Container With Most Water\20-09-03T23-18.scala
2020.09.04 20:10:42 WARN  no build target for: E:\Desktop\Res\LeetCode\0011 Container With Most Water\20-09-04T16-53.scala
2020.09.04 20:10:45 WARN  no build target for: E:\Desktop\Res\LeetCode\0011 Container With Most Water\20-09-03T23-18.scala
2020.09.04 20:11:04 WARN  no build target for: E:\Desktop\Res\LeetCode\0011 Container With Most Water\20-09-04T16-53.scala
2020.09.04 20:11:17 INFO  shutting down Metals
2020.09.06 00:51:48 INFO  started: Metals version 0.9.3 in workspace 'E:\Desktop\Res\LeetCode' for client vscode.
2020.09.06 00:51:50 INFO  time: initialize in 1.58s
2020.09.06 00:51:51 WARN  no build tool detected in workspace 'E:\Desktop\Res\LeetCode'. The most common cause for this problem is that the editor was opened in the wrong working directory, for example if you use sbt then the workspace directory should contain build.sbt. 
2020.09.06 00:51:51 INFO  no build target: using presentation compiler with only scala-library
2020.09.06 00:51:54 WARN  no build target for: E:\Desktop\Res\LeetCode\0011 Container With Most Water\20-09-04T16-53.scala
2020.09.06 00:52:55 INFO  shutting down Metals
2020.09.07 22:23:34 INFO  started: Metals version 0.9.3 in workspace 'E:\Desktop\Res\LeetCode' for client vscode.
2020.09.07 22:23:37 INFO  time: initialize in 3.28s
2020.09.07 22:23:38 WARN  no build tool detected in workspace 'E:\Desktop\Res\LeetCode'. The most common cause for this problem is that the editor was opened in the wrong working directory, for example if you use sbt then the workspace directory should contain build.sbt. 
2020.09.07 22:23:38 INFO  no build target: using presentation compiler with only scala-library
2020.09.07 22:23:46 WARN  no build target for: E:\Desktop\Res\LeetCode\0011 Container With Most Water\20-09-04T16-53.scala
2020.09.09 01:08:02 INFO  started: Metals version 0.9.3 in workspace 'E:\Desktop\Res\LeetCode' for client vscode.
2020.09.09 01:08:08 INFO  time: initialize in 5.71s
2020.09.09 01:08:14 WARN  no build tool detected in workspace 'E:\Desktop\Res\LeetCode'. The most common cause for this problem is that the editor was opened in the wrong working directory, for example if you use sbt then the workspace directory should contain build.sbt. 
9月 09, 2020 1:08:28 上午 org.eclipse.lsp4j.jsonrpc.services.GenericEndpoint notify
信息: Unsupported notification method: $/setTraceNotification
9月 09, 2020 1:08:28 上午 org.eclipse.lsp4j.jsonrpc.services.GenericEndpoint notify
信息: Unsupported notification method: $/setTraceNotification
9月 09, 2020 1:08:33 上午 org.eclipse.lsp4j.jsonrpc.services.GenericEndpoint notify
信息: Unsupported notification method: $/setTraceNotification
9月 09, 2020 1:08:33 上午 org.eclipse.lsp4j.jsonrpc.services.GenericEndpoint notify
信息: Unsupported notification method: $/setTraceNotification
9月 09, 2020 1:08:45 上午 org.eclipse.lsp4j.jsonrpc.services.GenericEndpoint notify
信息: Unsupported notification method: $/setTraceNotification
9月 09, 2020 1:08:45 上午 org.eclipse.lsp4j.jsonrpc.services.GenericEndpoint notify
信息: Unsupported notification method: $/setTraceNotification
2020.09.09 01:09:16 INFO  shutting down Metals
2020.09.10 14:40:33 INFO  started: Metals version 0.9.3 in workspace 'E:\Desktop\Res\LeetCode' for client vscode.
2020.09.10 14:40:37 INFO  time: initialize in 4.52s
2020.09.10 14:40:39 WARN  no build tool detected in workspace 'E:\Desktop\Res\LeetCode'. The most common cause for this problem is that the editor was opened in the wrong working directory, for example if you use sbt then the workspace directory should contain build.sbt. 
9月 10, 2020 2:41:06 下午 org.eclipse.lsp4j.jsonrpc.services.GenericEndpoint notify
信息: Unsupported notification method: $/setTraceNotification
9月 10, 2020 2:41:06 下午 org.eclipse.lsp4j.jsonrpc.services.GenericEndpoint notify
信息: Unsupported notification method: $/setTraceNotification
9月 10, 2020 2:41:09 下午 org.eclipse.lsp4j.jsonrpc.services.GenericEndpoint notify
信息: Unsupported notification method: $/setTraceNotification
9月 10, 2020 2:41:09 下午 org.eclipse.lsp4j.jsonrpc.services.GenericEndpoint notify
信息: Unsupported notification method: $/setTraceNotification
9月 10, 2020 2:41:28 下午 org.eclipse.lsp4j.jsonrpc.services.GenericEndpoint notify
信息: Unsupported notification method: $/setTraceNotification
9月 10, 2020 2:41:28 下午 org.eclipse.lsp4j.jsonrpc.services.GenericEndpoint notify
信息: Unsupported notification method: $/setTraceNotification
2020.09.10 14:41:51 INFO  shutting down Metals
